<?xml version="1.0" encoding="UTF-8"?>
<!-- Generated by org.testng.reporters.JUnitReportReporter -->
<testsuite hostname="Admin" failures="0" tests="7" name="com.opencart.Testng.OpencartWithTestng" time="47.820" errors="0" timestamp="2022-06-29T12:44:43 IST" skipped="0">
  <testcase classname="com.opencart.Testng.OpencartWithTestng" name="test01" time="13.641"/>
  <system-out/>
  <testcase classname="com.opencart.Testng.OpencartWithTestng" name="test02" time="5.677"/>
  <system-out/>
  <testcase classname="com.opencart.Testng.OpencartWithTestng" name="test04" time="5.239"/>
  <system-out/>
  <testcase classname="com.opencart.Testng.OpencartWithTestng" name="test03" time="7.145"/>
  <system-out/>
  <testcase classname="com.opencart.Testng.OpencartWithTestng" name="test07" time="5.438"/>
  <system-out/>
  <testcase classname="com.opencart.Testng.OpencartWithTestng" name="test06" time="6.882"/>
  <system-out/>
  <testcase classname="com.opencart.Testng.OpencartWithTestng" name="test05" time="3.798"/>
  <system-out/>
</testsuite> <!-- com.opencart.Testng.OpencartWithTestng -->
